# JRE version: OpenJDK Runtime Environment (17.0.11) (build 17.0.11+0--11852314)
# Java VM: OpenJDK 64-Bit Server VM (17.0.11+0--11852314, mixed mode, tiered, compressed oops, compressed class ptrs, g1 gc, windows-amd64)
GC Precious Log:
 CPUs: 12 total, 12 available
 Memory: 15790M
 Large Page Support: Disabled
 NUMA Support: Disabled
 Compressed Oops: Enabled (32-bit)
 Heap Region Size: 1M
 Heap Min Capacity: 8M
 Heap Initial Capacity: 248M
 Heap Max Capacity: 2G
 Pre-touch: Disabled
 Parallel Workers: 10
 Concurrent Workers: 3
 Concurrent Refinement Workers: 10
 Periodic GC: Disabled
Heap:
 garbage-first heap   total 454656K, used 368126K [0x0000000080000000, 0x0000000100000000)
  region size 1024K, 11 young (11264K), 4 survivors (4096K)
 Metaspace       used 122399K, committed 123328K, reserved 1179648K
  class space    used 17139K, committed 17600K, reserved 1048576K
GC Heap History (20 events):
Event: 12.856 GC heap before
{Heap before GC invocations=38 (full 0):
 garbage-first heap   total 223232K, used 209192K [0x0000000080000000, 0x0000000100000000)
  region size 1024K, 57 young (58368K), 2 survivors (2048K)
 Metaspace       used 109798K, committed 110592K, reserved 1179648K
  class space    used 15271K, committed 15680K, reserved 1048576K
}
Event: 12.865 GC heap after
{Heap after GC invocations=39 (full 0):
 garbage-first heap   total 454656K, used 150646K [0x0000000080000000, 0x0000000100000000)
  region size 1024K, 8 young (8192K), 8 survivors (8192K)
 Metaspace       used 109798K, committed 110592K, reserved 1179648K
  class space    used 15271K, committed 15680K, reserved 1048576K
}
Event: 13.457 GC heap before
{Heap before GC invocations=39 (full 0):
 garbage-first heap   total 454656K, used 286838K [0x0000000080000000, 0x0000000100000000)
  region size 1024K, 140 young (143360K), 8 survivors (8192K)
 Metaspace       used 113729K, committed 114624K, reserved 1179648K
  class space    used 16018K, committed 16448K, reserved 1048576K
}
Event: 13.499 GC heap after
{Heap after GC invocations=40 (full 0):
 garbage-first heap   total 454656K, used 206258K [0x0000000080000000, 0x0000000100000000)
  region size 1024K, 18 young (18432K), 18 survivors (18432K)
 Metaspace       used 113729K, committed 114624K, reserved 1179648K
  class space    used 16018K, committed 16448K, reserved 1048576K
}
Event: 14.467 GC heap before
{Heap before GC invocations=40 (full 0):
 garbage-first heap   total 454656K, used 309682K [0x0000000080000000, 0x0000000100000000)
  region size 1024K, 119 young (121856K), 18 survivors (18432K)
 Metaspace       used 118600K, committed 119488K, reserved 1179648K
  class space    used 16714K, committed 17152K, reserved 1048576K
}
Event: 14.498 GC heap after
{Heap after GC invocations=41 (full 0):
 garbage-first heap   total 454656K, used 223744K [0x0000000080000000, 0x0000000100000000)
  region size 1024K, 15 young (15360K), 15 survivors (15360K)
 Metaspace       used 118600K, committed 119488K, reserved 1179648K
  class space    used 16714K, committed 17152K, reserved 1048576K
}
Event: 15.674 GC heap before
{Heap before GC invocations=41 (full 0):
 garbage-first heap   total 454656K, used 339456K [0x0000000080000000, 0x0000000100000000)
  region size 1024K, 114 young (116736K), 15 survivors (15360K)
 Metaspace       used 119397K, committed 120256K, reserved 1179648K
  class space    used 16796K, committed 17216K, reserved 1048576K
}
Event: 15.686 GC heap after
{Heap after GC invocations=42 (full 0):
 garbage-first heap   total 454656K, used 245917K [0x0000000080000000, 0x0000000100000000)
  region size 1024K, 7 young (7168K), 7 survivors (7168K)
 Metaspace       used 119397K, committed 120256K, reserved 1179648K
  class space    used 16796K, committed 17216K, reserved 1048576K
}
Event: 16.373 GC heap before
{Heap before GC invocations=42 (full 0):
 garbage-first heap   total 454656K, used 359581K [0x0000000080000000, 0x0000000100000000)
  region size 1024K, 102 young (104448K), 7 survivors (7168K)
 Metaspace       used 119612K, committed 120512K, reserved 1179648K
  class space    used 16815K, committed 17280K, reserved 1048576K
}
Event: 16.385 GC heap after
{Heap after GC invocations=43 (full 0):
 garbage-first heap   total 454656K, used 268317K [0x0000000080000000, 0x0000000100000000)
  region size 1024K, 13 young (13312K), 13 survivors (13312K)
 Metaspace       used 119612K, committed 120512K, reserved 1179648K
  class space    used 16815K, committed 17280K, reserved 1048576K
}
Event: 61.737 GC heap before
{Heap before GC invocations=43 (full 0):
 garbage-first heap   total 454656K, used 376861K [0x0000000080000000, 0x0000000100000000)
  region size 1024K, 100 young (102400K), 13 survivors (13312K)
 Metaspace       used 121491K, committed 122368K, reserved 1179648K
  class space    used 17107K, committed 17536K, reserved 1048576K
}
Event: 61.744 GC heap after
{Heap after GC invocations=44 (full 0):
 garbage-first heap   total 454656K, used 248467K [0x0000000080000000, 0x0000000100000000)
  region size 1024K, 3 young (3072K), 3 survivors (3072K)
 Metaspace       used 121491K, committed 122368K, reserved 1179648K
  class space    used 17107K, committed 17536K, reserved 1048576K
}
Event: 62.594 GC heap before
{Heap before GC invocations=44 (full 0):
 garbage-first heap   total 454656K, used 396947K [0x0000000080000000, 0x0000000100000000)
  region size 1024K, 110 young (112640K), 3 survivors (3072K)
 Metaspace       used 122295K, committed 123264K, reserved 1179648K
  class space    used 17139K, committed 17600K, reserved 1048576K
}
Event: 62.607 GC heap after
{Heap after GC invocations=45 (full 0):
 garbage-first heap   total 454656K, used 295692K [0x0000000080000000, 0x0000000100000000)
  region size 1024K, 14 young (14336K), 14 survivors (14336K)
 Metaspace       used 122295K, committed 123264K, reserved 1179648K
  class space    used 17139K, committed 17600K, reserved 1048576K
}
Event: 62.760 GC heap before
{Heap before GC invocations=45 (full 0):
 garbage-first heap   total 454656K, used 369420K [0x0000000080000000, 0x0000000100000000)
  region size 1024K, 85 young (87040K), 14 survivors (14336K)
 Metaspace       used 122314K, committed 123264K, reserved 1179648K
  class space    used 17139K, committed 17600K, reserved 1048576K
}
Event: 62.792 GC heap after
{Heap after GC invocations=46 (full 0):
 garbage-first heap   total 454656K, used 331714K [0x0000000080000000, 0x0000000100000000)
  region size 1024K, 11 young (11264K), 11 survivors (11264K)
 Metaspace       used 122314K, committed 123264K, reserved 1179648K
  class space    used 17139K, committed 17600K, reserved 1048576K
}
Event: 62.854 GC heap before
{Heap before GC invocations=46 (full 0):
 garbage-first heap   total 454656K, used 370626K [0x0000000080000000, 0x0000000100000000)
  region size 1024K, 50 young (51200K), 11 survivors (11264K)
 Metaspace       used 122314K, committed 123264K, reserved 1179648K
  class space    used 17139K, committed 17600K, reserved 1048576K
}
Event: 62.874 GC heap after
{Heap after GC invocations=47 (full 0):
 garbage-first heap   total 454656K, used 354816K [0x0000000080000000, 0x0000000100000000)
  region size 1024K, 7 young (7168K), 7 survivors (7168K)
 Metaspace       used 122314K, committed 123264K, reserved 1179648K
  class space    used 17139K, committed 17600K, reserved 1048576K
}
Event: 62.980 GC heap before
{Heap before GC invocations=47 (full 0):
 garbage-first heap   total 454656K, used 379392K [0x0000000080000000, 0x0000000100000000)
  region size 1024K, 32 young (32768K), 7 survivors (7168K)
 Metaspace       used 122390K, committed 123328K, reserved 1179648K
  class space    used 17139K, committed 17600K, reserved 1048576K
}
Event: 62.987 GC heap after
{Heap after GC invocations=48 (full 0):
 garbage-first heap   total 454656K, used 361982K [0x0000000080000000, 0x0000000100000000)
  region size 1024K, 4 young (4096K), 4 survivors (4096K)
 Metaspace       used 122390K, committed 123328K, reserved 1179648K
  class space    used 17139K, committed 17600K, reserved 1048576K
}

