# JRE version: OpenJDK Runtime Environment (17.0.11) (build 17.0.11+0--11852314)
# Java VM: OpenJDK 64-Bit Server VM (17.0.11+0--11852314, mixed mode, tiered, compressed oops, compressed class ptrs, g1 gc, windows-amd64)
GC Precious Log:
 CPUs: 12 total, 12 available
 Memory: 15790M
 Large Page Support: Disabled
 NUMA Support: Disabled
 Compressed Oops: Enabled (32-bit)
 Heap Region Size: 1M
 Heap Min Capacity: 8M
 Heap Initial Capacity: 248M
 Heap Max Capacity: 2G
 Pre-touch: Disabled
 Parallel Workers: 10
 Concurrent Workers: 3
 Concurrent Refinement Workers: 10
 Periodic GC: Disabled
Heap:
 garbage-first heap   total 411648K, used 284925K [0x0000000080000000, 0x0000000100000000)
  region size 1024K, 6 young (6144K), 6 survivors (6144K)
 Metaspace       used 132692K, committed 133632K, reserved 1179648K
  class space    used 18567K, committed 19008K, reserved 1048576K
GC Heap History (20 events):
Event: 10.549 GC heap after
{Heap after GC invocations=51 (full 0):
 garbage-first heap   total 389120K, used 114160K [0x0000000080000000, 0x0000000100000000)
  region size 1024K, 2 young (2048K), 2 survivors (2048K)
 Metaspace       used 108203K, committed 109056K, reserved 1179648K
  class space    used 14918K, committed 15360K, reserved 1048576K
}
Event: 11.357 GC heap before
{Heap before GC invocations=51 (full 0):
 garbage-first heap   total 389120K, used 346608K [0x0000000080000000, 0x0000000100000000)
  region size 1024K, 189 young (193536K), 2 survivors (2048K)
 Metaspace       used 115302K, committed 116096K, reserved 1179648K
  class space    used 16125K, committed 16512K, reserved 1048576K
}
Event: 11.396 GC heap after
{Heap after GC invocations=52 (full 0):
 garbage-first heap   total 411648K, used 199677K [0x0000000080000000, 0x0000000100000000)
  region size 1024K, 24 young (24576K), 24 survivors (24576K)
 Metaspace       used 115302K, committed 116096K, reserved 1179648K
  class space    used 16125K, committed 16512K, reserved 1048576K
}
Event: 11.701 GC heap before
{Heap before GC invocations=52 (full 0):
 garbage-first heap   total 411648K, used 294909K [0x0000000080000000, 0x0000000100000000)
  region size 1024K, 118 young (120832K), 24 survivors (24576K)
 Metaspace       used 118454K, committed 119296K, reserved 1179648K
  class space    used 16539K, committed 16960K, reserved 1048576K
}
Event: 11.729 GC heap after
{Heap after GC invocations=53 (full 0):
 garbage-first heap   total 411648K, used 217178K [0x0000000080000000, 0x0000000100000000)
  region size 1024K, 15 young (15360K), 15 survivors (15360K)
 Metaspace       used 118454K, committed 119296K, reserved 1179648K
  class space    used 16539K, committed 16960K, reserved 1048576K
}
Event: 12.091 GC heap before
{Heap before GC invocations=53 (full 0):
 garbage-first heap   total 411648K, used 305242K [0x0000000080000000, 0x0000000100000000)
  region size 1024K, 102 young (104448K), 15 survivors (15360K)
 Metaspace       used 122568K, committed 123392K, reserved 1179648K
  class space    used 17107K, committed 17536K, reserved 1048576K
}
Event: 12.102 GC heap after
{Heap after GC invocations=54 (full 0):
 garbage-first heap   total 411648K, used 229227K [0x0000000080000000, 0x0000000100000000)
  region size 1024K, 11 young (11264K), 11 survivors (11264K)
 Metaspace       used 122568K, committed 123392K, reserved 1179648K
  class space    used 17107K, committed 17536K, reserved 1048576K
}
Event: 12.666 GC heap before
{Heap before GC invocations=54 (full 0):
 garbage-first heap   total 411648K, used 322411K [0x0000000080000000, 0x0000000100000000)
  region size 1024K, 97 young (99328K), 11 survivors (11264K)
 Metaspace       used 124245K, committed 125120K, reserved 1179648K
  class space    used 17352K, committed 17792K, reserved 1048576K
}
Event: 12.677 GC heap after
{Heap after GC invocations=55 (full 0):
 garbage-first heap   total 411648K, used 241451K [0x0000000080000000, 0x0000000100000000)
  region size 1024K, 7 young (7168K), 7 survivors (7168K)
 Metaspace       used 124245K, committed 125120K, reserved 1179648K
  class space    used 17352K, committed 17792K, reserved 1048576K
}
Event: 13.508 GC heap before
{Heap before GC invocations=55 (full 0):
 garbage-first heap   total 411648K, used 342827K [0x0000000080000000, 0x0000000100000000)
  region size 1024K, 91 young (93184K), 7 survivors (7168K)
 Metaspace       used 125602K, committed 126464K, reserved 1179648K
  class space    used 17535K, committed 17984K, reserved 1048576K
}
Event: 13.516 GC heap after
{Heap after GC invocations=56 (full 0):
 garbage-first heap   total 411648K, used 263515K [0x0000000080000000, 0x0000000100000000)
  region size 1024K, 12 young (12288K), 12 survivors (12288K)
 Metaspace       used 125602K, committed 126464K, reserved 1179648K
  class space    used 17535K, committed 17984K, reserved 1048576K
}
Event: 13.783 GC heap before
{Heap before GC invocations=56 (full 0):
 garbage-first heap   total 411648K, used 346459K [0x0000000080000000, 0x0000000100000000)
  region size 1024K, 84 young (86016K), 12 survivors (12288K)
 Metaspace       used 125730K, committed 126656K, reserved 1179648K
  class space    used 17539K, committed 17984K, reserved 1048576K
}
Event: 13.790 GC heap after
{Heap after GC invocations=57 (full 0):
 garbage-first heap   total 411648K, used 274628K [0x0000000080000000, 0x0000000100000000)
  region size 1024K, 3 young (3072K), 3 survivors (3072K)
 Metaspace       used 125730K, committed 126656K, reserved 1179648K
  class space    used 17539K, committed 17984K, reserved 1048576K
}
Event: 13.963 GC heap before
{Heap before GC invocations=57 (full 0):
 garbage-first heap   total 411648K, used 292036K [0x0000000080000000, 0x0000000100000000)
  region size 1024K, 21 young (21504K), 3 survivors (3072K)
 Metaspace       used 125825K, committed 126720K, reserved 1179648K
  class space    used 17553K, committed 17984K, reserved 1048576K
}
Event: 13.966 GC heap after
{Heap after GC invocations=58 (full 0):
 garbage-first heap   total 411648K, used 274531K [0x0000000080000000, 0x0000000100000000)
  region size 1024K, 3 young (3072K), 3 survivors (3072K)
 Metaspace       used 125825K, committed 126720K, reserved 1179648K
  class space    used 17553K, committed 17984K, reserved 1048576K
}
Event: 17.819 GC heap before
{Heap before GC invocations=58 (full 0):
 garbage-first heap   total 411648K, used 320611K [0x0000000080000000, 0x0000000100000000)
  region size 1024K, 31 young (31744K), 3 survivors (3072K)
 Metaspace       used 126680K, committed 127552K, reserved 1179648K
  class space    used 17685K, committed 18112K, reserved 1048576K
}
Event: 17.822 GC heap after
{Heap after GC invocations=59 (full 0):
 garbage-first heap   total 411648K, used 265611K [0x0000000080000000, 0x0000000100000000)
  region size 1024K, 4 young (4096K), 4 survivors (4096K)
 Metaspace       used 126680K, committed 127552K, reserved 1179648K
  class space    used 17685K, committed 18112K, reserved 1048576K
}
Event: 18.076 GC heap before
{Heap before GC invocations=59 (full 0):
 garbage-first heap   total 411648K, used 349579K [0x0000000080000000, 0x0000000100000000)
  region size 1024K, 85 young (87040K), 4 survivors (4096K)
 Metaspace       used 130120K, committed 131072K, reserved 1179648K
  class space    used 18179K, committed 18624K, reserved 1048576K
}
Event: 18.084 GC heap after
{Heap after GC invocations=60 (full 0):
 garbage-first heap   total 411648K, used 278597K [0x0000000080000000, 0x0000000100000000)
  region size 1024K, 11 young (11264K), 11 survivors (11264K)
 Metaspace       used 130120K, committed 131072K, reserved 1179648K
  class space    used 18179K, committed 18624K, reserved 1048576K
}
Event: 18.261 GC heap before
{Heap before GC invocations=60 (full 0):
 garbage-first heap   total 411648K, used 345157K [0x0000000080000000, 0x0000000100000000)
  region size 1024K, 77 young (78848K), 11 survivors (11264K)
 Metaspace       used 132692K, committed 133632K, reserved 1179648K
  class space    used 18567K, committed 19008K, reserved 1048576K
}

