# JRE version: OpenJDK Runtime Environment (17.0.11) (build 17.0.11+0--11852314)
# Java VM: OpenJDK 64-Bit Server VM (17.0.11+0--11852314, mixed mode, tiered, compressed oops, compressed class ptrs, g1 gc, windows-amd64)
GC Precious Log:
 CPUs: 12 total, 12 available
 Memory: 15790M
 Large Page Support: Disabled
 NUMA Support: Disabled
 Compressed Oops: Enabled (32-bit)
 Heap Region Size: 1M
 Heap Min Capacity: 8M
 Heap Initial Capacity: 248M
 Heap Max Capacity: 2G
 Pre-touch: Disabled
 Parallel Workers: 10
 Concurrent Workers: 3
 Concurrent Refinement Workers: 10
 Periodic GC: Disabled
Heap:
 garbage-first heap   total 253952K, used 157093K [0x0000000080000000, 0x0000000100000000)
  region size 1024K, 7 young (7168K), 7 survivors (7168K)
 Metaspace       used 114016K, committed 114816K, reserved 1179648K
  class space    used 16064K, committed 16448K, reserved 1048576K
GC Heap History (20 events):
Event: 8.054 GC heap after
{Heap after GC invocations=34 (full 0):
 garbage-first heap   total 159744K, used 88571K [0x0000000080000000, 0x0000000100000000)
  region size 1024K, 4 young (4096K), 4 survivors (4096K)
 Metaspace       used 87969K, committed 88640K, reserved 1179648K
  class space    used 12214K, committed 12544K, reserved 1048576K
}
Event: 8.433 GC heap before
{Heap before GC invocations=35 (full 0):
 garbage-first heap   total 159744K, used 131579K [0x0000000080000000, 0x0000000100000000)
  region size 1024K, 46 young (47104K), 4 survivors (4096K)
 Metaspace       used 90946K, committed 91648K, reserved 1179648K
  class space    used 12655K, committed 12992K, reserved 1048576K
}
Event: 8.436 GC heap after
{Heap after GC invocations=36 (full 0):
 garbage-first heap   total 159744K, used 90963K [0x0000000080000000, 0x0000000100000000)
  region size 1024K, 5 young (5120K), 5 survivors (5120K)
 Metaspace       used 90946K, committed 91648K, reserved 1179648K
  class space    used 12655K, committed 12992K, reserved 1048576K
}
Event: 8.456 GC heap before
{Heap before GC invocations=36 (full 0):
 garbage-first heap   total 159744K, used 91987K [0x0000000080000000, 0x0000000100000000)
  region size 1024K, 7 young (7168K), 5 survivors (5120K)
 Metaspace       used 91073K, committed 91776K, reserved 1179648K
  class space    used 12672K, committed 12992K, reserved 1048576K
}
Event: 8.459 GC heap after
{Heap after GC invocations=37 (full 0):
 garbage-first heap   total 159744K, used 90607K [0x0000000080000000, 0x0000000100000000)
  region size 1024K, 1 young (1024K), 1 survivors (1024K)
 Metaspace       used 91073K, committed 91776K, reserved 1179648K
  class space    used 12672K, committed 12992K, reserved 1048576K
}
Event: 8.774 GC heap before
{Heap before GC invocations=37 (full 0):
 garbage-first heap   total 159744K, used 132591K [0x0000000080000000, 0x0000000100000000)
  region size 1024K, 42 young (43008K), 1 survivors (1024K)
 Metaspace       used 94203K, committed 94912K, reserved 1179648K
  class space    used 13183K, committed 13504K, reserved 1048576K
}
Event: 8.776 GC heap after
{Heap after GC invocations=38 (full 0):
 garbage-first heap   total 241664K, used 91738K [0x0000000080000000, 0x0000000100000000)
  region size 1024K, 2 young (2048K), 2 survivors (2048K)
 Metaspace       used 94203K, committed 94912K, reserved 1179648K
  class space    used 13183K, committed 13504K, reserved 1048576K
}
Event: 9.524 GC heap before
{Heap before GC invocations=38 (full 0):
 garbage-first heap   total 241664K, used 196186K [0x0000000080000000, 0x0000000100000000)
  region size 1024K, 104 young (106496K), 2 survivors (2048K)
 Metaspace       used 100494K, committed 101248K, reserved 1179648K
  class space    used 14073K, committed 14464K, reserved 1048576K
}
Event: 9.529 GC heap after
{Heap after GC invocations=39 (full 0):
 garbage-first heap   total 241664K, used 100080K [0x0000000080000000, 0x0000000100000000)
  region size 1024K, 11 young (11264K), 11 survivors (11264K)
 Metaspace       used 100494K, committed 101248K, reserved 1179648K
  class space    used 14073K, committed 14464K, reserved 1048576K
}
Event: 10.028 GC heap before
{Heap before GC invocations=39 (full 0):
 garbage-first heap   total 241664K, used 195312K [0x0000000080000000, 0x0000000100000000)
  region size 1024K, 100 young (102400K), 11 survivors (11264K)
 Metaspace       used 103524K, committed 104256K, reserved 1179648K
  class space    used 14372K, committed 14720K, reserved 1048576K
}
Event: 10.036 GC heap after
{Heap after GC invocations=40 (full 0):
 garbage-first heap   total 241664K, used 106049K [0x0000000080000000, 0x0000000100000000)
  region size 1024K, 8 young (8192K), 8 survivors (8192K)
 Metaspace       used 103524K, committed 104256K, reserved 1179648K
  class space    used 14372K, committed 14720K, reserved 1048576K
}
Event: 10.279 GC heap before
{Heap before GC invocations=40 (full 0):
 garbage-first heap   total 241664K, used 193089K [0x0000000080000000, 0x0000000100000000)
  region size 1024K, 94 young (96256K), 8 survivors (8192K)
 Metaspace       used 105088K, committed 105856K, reserved 1179648K
  class space    used 14601K, committed 14976K, reserved 1048576K
}
Event: 10.285 GC heap after
{Heap after GC invocations=41 (full 0):
 garbage-first heap   total 241664K, used 116645K [0x0000000080000000, 0x0000000100000000)
  region size 1024K, 12 young (12288K), 12 survivors (12288K)
 Metaspace       used 105088K, committed 105856K, reserved 1179648K
  class space    used 14601K, committed 14976K, reserved 1048576K
}
Event: 10.621 GC heap before
{Heap before GC invocations=41 (full 0):
 garbage-first heap   total 241664K, used 191397K [0x0000000080000000, 0x0000000100000000)
  region size 1024K, 86 young (88064K), 12 survivors (12288K)
 Metaspace       used 109516K, committed 110272K, reserved 1179648K
  class space    used 15328K, committed 15680K, reserved 1048576K
}
Event: 10.630 GC heap after
{Heap after GC invocations=42 (full 0):
 garbage-first heap   total 241664K, used 128468K [0x0000000080000000, 0x0000000100000000)
  region size 1024K, 11 young (11264K), 11 survivors (11264K)
 Metaspace       used 109516K, committed 110272K, reserved 1179648K
  class space    used 15328K, committed 15680K, reserved 1048576K
}
Event: 10.796 GC heap before
{Heap before GC invocations=42 (full 0):
 garbage-first heap   total 241664K, used 191956K [0x0000000080000000, 0x0000000100000000)
  region size 1024K, 74 young (75776K), 11 survivors (11264K)
 Metaspace       used 112135K, committed 112896K, reserved 1179648K
  class space    used 15836K, committed 16192K, reserved 1048576K
}
Event: 10.808 GC heap after
{Heap after GC invocations=43 (full 0):
 garbage-first heap   total 241664K, used 139008K [0x0000000080000000, 0x0000000100000000)
  region size 1024K, 10 young (10240K), 10 survivors (10240K)
 Metaspace       used 112135K, committed 112896K, reserved 1179648K
  class space    used 15836K, committed 16192K, reserved 1048576K
}
Event: 10.875 GC heap before
{Heap before GC invocations=43 (full 0):
 garbage-first heap   total 241664K, used 194304K [0x0000000080000000, 0x0000000100000000)
  region size 1024K, 64 young (65536K), 10 survivors (10240K)
 Metaspace       used 112874K, committed 113664K, reserved 1179648K
  class space    used 15924K, committed 16320K, reserved 1048576K
}
Event: 10.886 GC heap after
{Heap after GC invocations=44 (full 0):
 garbage-first heap   total 241664K, used 148480K [0x0000000080000000, 0x0000000100000000)
  region size 1024K, 8 young (8192K), 8 survivors (8192K)
 Metaspace       used 112874K, committed 113664K, reserved 1179648K
  class space    used 15924K, committed 16320K, reserved 1048576K
}
Event: 10.959 GC heap before
{Heap before GC invocations=44 (full 0):
 garbage-first heap   total 241664K, used 195584K [0x0000000080000000, 0x0000000100000000)
  region size 1024K, 55 young (56320K), 8 survivors (8192K)
 Metaspace       used 114016K, committed 114816K, reserved 1179648K
  class space    used 16064K, committed 16448K, reserved 1048576K
}

