# JRE version: OpenJDK Runtime Environment (17.0.11) (build 17.0.11+0--11852314)
# Java VM: OpenJDK 64-Bit Server VM (17.0.11+0--11852314, mixed mode, tiered, compressed oops, compressed class ptrs, g1 gc, windows-amd64)
GC Precious Log:
 CPUs: 12 total, 12 available
 Memory: 15790M
 Large Page Support: Disabled
 NUMA Support: Disabled
 Compressed Oops: Enabled (32-bit)
 Heap Region Size: 1M
 Heap Min Capacity: 8M
 Heap Initial Capacity: 248M
 Heap Max Capacity: 2G
 Pre-touch: Disabled
 Parallel Workers: 10
 Concurrent Workers: 3
 Concurrent Refinement Workers: 10
 Periodic GC: Disabled
Heap:
 garbage-first heap   total 281600K, used 201816K [0x0000000080000000, 0x0000000100000000)
  region size 1024K, 6 young (6144K), 6 survivors (6144K)
 Metaspace       used 114983K, committed 115840K, reserved 1179648K
  class space    used 16196K, committed 16576K, reserved 1048576K
GC Heap History (20 events):
Event: 10.119 GC heap after
{Heap after GC invocations=36 (full 0):
 garbage-first heap   total 197632K, used 101855K [0x0000000080000000, 0x0000000100000000)
  region size 1024K, 2 young (2048K), 2 survivors (2048K)
 Metaspace       used 100462K, committed 101184K, reserved 1179648K
  class space    used 14073K, committed 14400K, reserved 1048576K
}
Event: 10.464 GC heap before
{Heap before GC invocations=36 (full 0):
 garbage-first heap   total 197632K, used 160223K [0x0000000080000000, 0x0000000100000000)
  region size 1024K, 60 young (61440K), 2 survivors (2048K)
 Metaspace       used 101270K, committed 102016K, reserved 1179648K
  class space    used 14189K, committed 14528K, reserved 1048576K
}
Event: 10.468 GC heap after
{Heap after GC invocations=37 (full 0):
 garbage-first heap   total 197632K, used 105621K [0x0000000080000000, 0x0000000100000000)
  region size 1024K, 5 young (5120K), 5 survivors (5120K)
 Metaspace       used 101270K, committed 102016K, reserved 1179648K
  class space    used 14189K, committed 14528K, reserved 1048576K
}
Event: 10.803 GC heap before
{Heap before GC invocations=38 (full 0):
 garbage-first heap   total 211968K, used 160917K [0x0000000080000000, 0x0000000100000000)
  region size 1024K, 60 young (61440K), 5 survivors (5120K)
 Metaspace       used 102356K, committed 103104K, reserved 1179648K
  class space    used 14320K, committed 14720K, reserved 1048576K
}
Event: 10.807 GC heap after
{Heap after GC invocations=39 (full 0):
 garbage-first heap   total 211968K, used 107735K [0x0000000080000000, 0x0000000100000000)
  region size 1024K, 4 young (4096K), 4 survivors (4096K)
 Metaspace       used 102356K, committed 103104K, reserved 1179648K
  class space    used 14320K, committed 14720K, reserved 1048576K
}
Event: 10.843 GC heap before
{Heap before GC invocations=39 (full 0):
 garbage-first heap   total 211968K, used 112855K [0x0000000080000000, 0x0000000100000000)
  region size 1024K, 10 young (10240K), 4 survivors (4096K)
 Metaspace       used 102544K, committed 103296K, reserved 1179648K
  class space    used 14334K, committed 14720K, reserved 1048576K
}
Event: 10.846 GC heap after
{Heap after GC invocations=40 (full 0):
 garbage-first heap   total 211968K, used 107236K [0x0000000080000000, 0x0000000100000000)
  region size 1024K, 1 young (1024K), 1 survivors (1024K)
 Metaspace       used 102544K, committed 103296K, reserved 1179648K
  class space    used 14334K, committed 14720K, reserved 1048576K
}
Event: 11.114 GC heap before
{Heap before GC invocations=40 (full 0):
 garbage-first heap   total 211968K, used 173796K [0x0000000080000000, 0x0000000100000000)
  region size 1024K, 67 young (68608K), 1 survivors (1024K)
 Metaspace       used 104148K, committed 104832K, reserved 1179648K
  class space    used 14554K, committed 14912K, reserved 1048576K
}
Event: 11.117 GC heap after
{Heap after GC invocations=41 (full 0):
 garbage-first heap   total 211968K, used 109582K [0x0000000080000000, 0x0000000100000000)
  region size 1024K, 4 young (4096K), 4 survivors (4096K)
 Metaspace       used 104148K, committed 104832K, reserved 1179648K
  class space    used 14554K, committed 14912K, reserved 1048576K
}
Event: 11.438 GC heap before
{Heap before GC invocations=41 (full 0):
 garbage-first heap   total 211968K, used 179214K [0x0000000080000000, 0x0000000100000000)
  region size 1024K, 68 young (69632K), 4 survivors (4096K)
 Metaspace       used 106926K, committed 107712K, reserved 1179648K
  class space    used 14837K, committed 15168K, reserved 1048576K
}
Event: 11.442 GC heap after
{Heap after GC invocations=42 (full 0):
 garbage-first heap   total 211968K, used 115065K [0x0000000080000000, 0x0000000100000000)
  region size 1024K, 9 young (9216K), 9 survivors (9216K)
 Metaspace       used 106926K, committed 107712K, reserved 1179648K
  class space    used 14837K, committed 15168K, reserved 1048576K
}
Event: 11.789 GC heap before
{Heap before GC invocations=42 (full 0):
 garbage-first heap   total 211968K, used 185721K [0x0000000080000000, 0x0000000100000000)
  region size 1024K, 60 young (61440K), 9 survivors (9216K)
 Metaspace       used 110778K, committed 111616K, reserved 1179648K
  class space    used 15392K, committed 15808K, reserved 1048576K
}
Event: 11.795 GC heap after
{Heap after GC invocations=43 (full 0):
 garbage-first heap   total 211968K, used 138702K [0x0000000080000000, 0x0000000100000000)
  region size 1024K, 9 young (9216K), 9 survivors (9216K)
 Metaspace       used 110778K, committed 111616K, reserved 1179648K
  class space    used 15392K, committed 15808K, reserved 1048576K
}
Event: 12.045 GC heap before
{Heap before GC invocations=44 (full 0):
 garbage-first heap   total 281600K, used 195022K [0x0000000080000000, 0x0000000100000000)
  region size 1024K, 46 young (47104K), 9 survivors (9216K)
 Metaspace       used 111644K, committed 112384K, reserved 1179648K
  class space    used 15519K, committed 15872K, reserved 1048576K
}
Event: 12.055 GC heap after
{Heap after GC invocations=45 (full 0):
 garbage-first heap   total 281600K, used 158260K [0x0000000080000000, 0x0000000100000000)
  region size 1024K, 6 young (6144K), 6 survivors (6144K)
 Metaspace       used 111644K, committed 112384K, reserved 1179648K
  class space    used 15519K, committed 15872K, reserved 1048576K
}
Event: 12.104 GC heap before
{Heap before GC invocations=45 (full 0):
 garbage-first heap   total 281600K, used 166452K [0x0000000080000000, 0x0000000100000000)
  region size 1024K, 13 young (13312K), 6 survivors (6144K)
 Metaspace       used 111934K, committed 112768K, reserved 1179648K
  class space    used 15565K, committed 16000K, reserved 1048576K
}
Event: 12.111 GC heap after
{Heap after GC invocations=46 (full 0):
 garbage-first heap   total 281600K, used 159816K [0x0000000080000000, 0x0000000100000000)
  region size 1024K, 2 young (2048K), 2 survivors (2048K)
 Metaspace       used 111934K, committed 112768K, reserved 1179648K
  class space    used 15565K, committed 16000K, reserved 1048576K
}
Event: 12.355 GC heap before
{Heap before GC invocations=46 (full 0):
 garbage-first heap   total 281600K, used 218184K [0x0000000080000000, 0x0000000100000000)
  region size 1024K, 59 young (60416K), 2 survivors (2048K)
 Metaspace       used 114886K, committed 115648K, reserved 1179648K
  class space    used 16194K, committed 16576K, reserved 1048576K
}
Event: 12.369 GC heap after
{Heap after GC invocations=47 (full 0):
 garbage-first heap   total 281600K, used 180271K [0x0000000080000000, 0x0000000100000000)
  region size 1024K, 8 young (8192K), 8 survivors (8192K)
 Metaspace       used 114886K, committed 115648K, reserved 1179648K
  class space    used 16194K, committed 16576K, reserved 1048576K
}
Event: 12.441 GC heap before
{Heap before GC invocations=47 (full 0):
 garbage-first heap   total 281600K, used 220207K [0x0000000080000000, 0x0000000100000000)
  region size 1024K, 48 young (49152K), 8 survivors (8192K)
 Metaspace       used 114983K, committed 115840K, reserved 1179648K
  class space    used 16196K, committed 16576K, reserved 1048576K
}

