# JRE version: OpenJDK Runtime Environment (17.0.11) (build 17.0.11+0--11852314)
# Java VM: OpenJDK 64-Bit Server VM (17.0.11+0--11852314, mixed mode, tiered, compressed oops, compressed class ptrs, g1 gc, windows-amd64)
GC Precious Log:
 CPUs: 12 total, 12 available
 Memory: 15790M
 Large Page Support: Disabled
 NUMA Support: Disabled
 Compressed Oops: Enabled (32-bit)
 Heap Region Size: 1M
 Heap Min Capacity: 8M
 Heap Initial Capacity: 248M
 Heap Max Capacity: 2G
 Pre-touch: Disabled
 Parallel Workers: 10
 Concurrent Workers: 3
 Concurrent Refinement Workers: 10
 Periodic GC: Disabled
Heap:
 garbage-first heap   total 377856K, used 274762K [0x0000000080000000, 0x0000000100000000)
  region size 1024K, 40 young (40960K), 5 survivors (5120K)
 Metaspace       used 188921K, committed 190080K, reserved 1245184K
  class space    used 24417K, committed 24960K, reserved 1048576K
GC Heap History (20 events):
Event: 19.336 GC heap before
{Heap before GC invocations=68 (full 0):
 garbage-first heap   total 377856K, used 313927K [0x0000000080000000, 0x0000000100000000)
  region size 1024K, 111 young (113664K), 3 survivors (3072K)
 Metaspace       used 170451K, committed 171392K, reserved 1245184K
  class space    used 22249K, committed 22656K, reserved 1048576K
}
Event: 19.340 GC heap after
{Heap after GC invocations=69 (full 0):
 garbage-first heap   total 377856K, used 209985K [0x0000000080000000, 0x0000000100000000)
  region size 1024K, 8 young (8192K), 8 survivors (8192K)
 Metaspace       used 170451K, committed 171392K, reserved 1245184K
  class space    used 22249K, committed 22656K, reserved 1048576K
}
Event: 20.100 GC heap before
{Heap before GC invocations=70 (full 0):
 garbage-first heap   total 377856K, used 316481K [0x0000000080000000, 0x0000000100000000)
  region size 1024K, 112 young (114688K), 8 survivors (8192K)
 Metaspace       used 170452K, committed 171392K, reserved 1245184K
  class space    used 22249K, committed 22656K, reserved 1048576K
}
Event: 20.106 GC heap after
{Heap after GC invocations=71 (full 0):
 garbage-first heap   total 377856K, used 213983K [0x0000000080000000, 0x0000000100000000)
  region size 1024K, 10 young (10240K), 10 survivors (10240K)
 Metaspace       used 170452K, committed 171392K, reserved 1245184K
  class space    used 22249K, committed 22656K, reserved 1048576K
}
Event: 20.189 GC heap before
{Heap before GC invocations=71 (full 0):
 garbage-first heap   total 377856K, used 222175K [0x0000000080000000, 0x0000000100000000)
  region size 1024K, 18 young (18432K), 10 survivors (10240K)
 Metaspace       used 170452K, committed 171392K, reserved 1245184K
  class space    used 22249K, committed 22656K, reserved 1048576K
}
Event: 20.194 GC heap after
{Heap after GC invocations=72 (full 0):
 garbage-first heap   total 377856K, used 209707K [0x0000000080000000, 0x0000000100000000)
  region size 1024K, 3 young (3072K), 3 survivors (3072K)
 Metaspace       used 170452K, committed 171392K, reserved 1245184K
  class space    used 22249K, committed 22656K, reserved 1048576K
}
Event: 21.142 GC heap before
{Heap before GC invocations=72 (full 0):
 garbage-first heap   total 377856K, used 317227K [0x0000000080000000, 0x0000000100000000)
  region size 1024K, 108 young (110592K), 3 survivors (3072K)
 Metaspace       used 170452K, committed 171392K, reserved 1245184K
  class space    used 22249K, committed 22656K, reserved 1048576K
}
Event: 21.147 GC heap after
{Heap after GC invocations=73 (full 0):
 garbage-first heap   total 377856K, used 213890K [0x0000000080000000, 0x0000000100000000)
  region size 1024K, 8 young (8192K), 8 survivors (8192K)
 Metaspace       used 170452K, committed 171392K, reserved 1245184K
  class space    used 22249K, committed 22656K, reserved 1048576K
}
Event: 21.752 GC heap before
{Heap before GC invocations=73 (full 0):
 garbage-first heap   total 377856K, used 317314K [0x0000000080000000, 0x0000000100000000)
  region size 1024K, 109 young (111616K), 8 survivors (8192K)
 Metaspace       used 170452K, committed 171392K, reserved 1245184K
  class space    used 22249K, committed 22656K, reserved 1048576K
}
Event: 21.756 GC heap after
{Heap after GC invocations=74 (full 0):
 garbage-first heap   total 377856K, used 217464K [0x0000000080000000, 0x0000000100000000)
  region size 1024K, 11 young (11264K), 11 survivors (11264K)
 Metaspace       used 170452K, committed 171392K, reserved 1245184K
  class space    used 22249K, committed 22656K, reserved 1048576K
}
Event: 22.204 GC heap before
{Heap before GC invocations=74 (full 0):
 garbage-first heap   total 377856K, used 318840K [0x0000000080000000, 0x0000000100000000)
  region size 1024K, 110 young (112640K), 11 survivors (11264K)
 Metaspace       used 170452K, committed 171392K, reserved 1245184K
  class space    used 22249K, committed 22656K, reserved 1048576K
}
Event: 22.210 GC heap after
{Heap after GC invocations=75 (full 0):
 garbage-first heap   total 377856K, used 220997K [0x0000000080000000, 0x0000000100000000)
  region size 1024K, 10 young (10240K), 10 survivors (10240K)
 Metaspace       used 170452K, committed 171392K, reserved 1245184K
  class space    used 22249K, committed 22656K, reserved 1048576K
}
Event: 22.969 GC heap before
{Heap before GC invocations=75 (full 0):
 garbage-first heap   total 377856K, used 320325K [0x0000000080000000, 0x0000000100000000)
  region size 1024K, 106 young (108544K), 10 survivors (10240K)
 Metaspace       used 173678K, committed 174592K, reserved 1245184K
  class space    used 22595K, committed 23040K, reserved 1048576K
}
Event: 22.975 GC heap after
{Heap after GC invocations=76 (full 0):
 garbage-first heap   total 377856K, used 224924K [0x0000000080000000, 0x0000000100000000)
  region size 1024K, 10 young (10240K), 10 survivors (10240K)
 Metaspace       used 173678K, committed 174592K, reserved 1245184K
  class space    used 22595K, committed 23040K, reserved 1048576K
}
Event: 24.258 GC heap before
{Heap before GC invocations=76 (full 0):
 garbage-first heap   total 377856K, used 324252K [0x0000000080000000, 0x0000000100000000)
  region size 1024K, 103 young (105472K), 10 survivors (10240K)
 Metaspace       used 183047K, committed 184000K, reserved 1245184K
  class space    used 23734K, committed 24192K, reserved 1048576K
}
Event: 24.265 GC heap after
{Heap after GC invocations=77 (full 0):
 garbage-first heap   total 377856K, used 229614K [0x0000000080000000, 0x0000000100000000)
  region size 1024K, 11 young (11264K), 11 survivors (11264K)
 Metaspace       used 183047K, committed 184000K, reserved 1245184K
  class space    used 23734K, committed 24192K, reserved 1048576K
}
Event: 25.014 GC heap before
{Heap before GC invocations=77 (full 0):
 garbage-first heap   total 377856K, used 321774K [0x0000000080000000, 0x0000000100000000)
  region size 1024K, 101 young (103424K), 11 survivors (11264K)
 Metaspace       used 185560K, committed 186560K, reserved 1245184K
  class space    used 24019K, committed 24512K, reserved 1048576K
}
Event: 25.022 GC heap after
{Heap after GC invocations=78 (full 0):
 garbage-first heap   total 377856K, used 235720K [0x0000000080000000, 0x0000000100000000)
  region size 1024K, 13 young (13312K), 13 survivors (13312K)
 Metaspace       used 185560K, committed 186560K, reserved 1245184K
  class space    used 24019K, committed 24512K, reserved 1048576K
}
Event: 1096.093 GC heap before
{Heap before GC invocations=78 (full 0):
 garbage-first heap   total 377856K, used 320712K [0x0000000080000000, 0x0000000100000000)
  region size 1024K, 96 young (98304K), 13 survivors (13312K)
 Metaspace       used 188557K, committed 189696K, reserved 1245184K
  class space    used 24372K, committed 24896K, reserved 1048576K
}
Event: 1096.100 GC heap after
{Heap after GC invocations=79 (full 0):
 garbage-first heap   total 377856K, used 239946K [0x0000000080000000, 0x0000000100000000)
  region size 1024K, 5 young (5120K), 5 survivors (5120K)
 Metaspace       used 188557K, committed 189696K, reserved 1245184K
  class space    used 24372K, committed 24896K, reserved 1048576K
}

