# JRE version: OpenJDK Runtime Environment (17.0.11) (build 17.0.11+0--11852314)
# Java VM: OpenJDK 64-Bit Server VM (17.0.11+0--11852314, mixed mode, tiered, compressed oops, compressed class ptrs, g1 gc, windows-amd64)
GC Precious Log:
 CPUs: 12 total, 12 available
 Memory: 15790M
 Large Page Support: Disabled
 NUMA Support: Disabled
 Compressed Oops: Enabled (32-bit)
 Heap Region Size: 1M
 Heap Min Capacity: 8M
 Heap Initial Capacity: 248M
 Heap Max Capacity: 2G
 Pre-touch: Disabled
 Parallel Workers: 10
 Concurrent Workers: 3
 Concurrent Refinement Workers: 10
 Periodic GC: Disabled
Heap:
 garbage-first heap   total 291840K, used 206546K [0x0000000080000000, 0x0000000100000000)
  region size 1024K, 6 young (6144K), 6 survivors (6144K)
 Metaspace       used 113441K, committed 114240K, reserved 1179648K
  class space    used 15971K, committed 16320K, reserved 1048576K
GC Heap History (20 events):
Event: 9.476 GC heap after
{Heap after GC invocations=30 (full 0):
 garbage-first heap   total 234496K, used 101639K [0x0000000080000000, 0x0000000100000000)
  region size 1024K, 13 young (13312K), 13 survivors (13312K)
 Metaspace       used 100392K, committed 101120K, reserved 1179648K
  class space    used 14059K, committed 14400K, reserved 1048576K
}
Event: 9.479 GC heap before
{Heap before GC invocations=30 (full 0):
 garbage-first heap   total 234496K, used 101639K [0x0000000080000000, 0x0000000100000000)
  region size 1024K, 14 young (14336K), 13 survivors (13312K)
 Metaspace       used 100393K, committed 101120K, reserved 1179648K
  class space    used 14059K, committed 14400K, reserved 1048576K
}
Event: 9.485 GC heap after
{Heap after GC invocations=31 (full 0):
 garbage-first heap   total 234496K, used 101787K [0x0000000080000000, 0x0000000100000000)
  region size 1024K, 2 young (2048K), 2 survivors (2048K)
 Metaspace       used 100393K, committed 101120K, reserved 1179648K
  class space    used 14059K, committed 14400K, reserved 1048576K
}
Event: 9.853 GC heap before
{Heap before GC invocations=31 (full 0):
 garbage-first heap   total 234496K, used 188827K [0x0000000080000000, 0x0000000100000000)
  region size 1024K, 88 young (90112K), 2 survivors (2048K)
 Metaspace       used 101262K, committed 101952K, reserved 1179648K
  class space    used 14178K, committed 14528K, reserved 1048576K
}
Event: 9.857 GC heap after
{Heap after GC invocations=32 (full 0):
 garbage-first heap   total 234496K, used 105879K [0x0000000080000000, 0x0000000100000000)
  region size 1024K, 6 young (6144K), 6 survivors (6144K)
 Metaspace       used 101262K, committed 101952K, reserved 1179648K
  class space    used 14178K, committed 14528K, reserved 1048576K
}
Event: 10.452 GC heap before
{Heap before GC invocations=33 (full 0):
 garbage-first heap   total 234496K, used 189847K [0x0000000080000000, 0x0000000100000000)
  region size 1024K, 89 young (91136K), 6 survivors (6144K)
 Metaspace       used 105170K, committed 105920K, reserved 1179648K
  class space    used 14689K, committed 15040K, reserved 1048576K
}
Event: 10.459 GC heap after
{Heap after GC invocations=34 (full 0):
 garbage-first heap   total 234496K, used 110912K [0x0000000080000000, 0x0000000100000000)
  region size 1024K, 11 young (11264K), 11 survivors (11264K)
 Metaspace       used 105170K, committed 105920K, reserved 1179648K
  class space    used 14689K, committed 15040K, reserved 1048576K
}
Event: 10.462 GC heap before
{Heap before GC invocations=34 (full 0):
 garbage-first heap   total 234496K, used 111936K [0x0000000080000000, 0x0000000100000000)
  region size 1024K, 12 young (12288K), 11 survivors (11264K)
 Metaspace       used 105201K, committed 105920K, reserved 1179648K
  class space    used 14692K, committed 15040K, reserved 1048576K
}
Event: 10.469 GC heap after
{Heap after GC invocations=35 (full 0):
 garbage-first heap   total 234496K, used 109944K [0x0000000080000000, 0x0000000100000000)
  region size 1024K, 2 young (2048K), 2 survivors (2048K)
 Metaspace       used 105201K, committed 105920K, reserved 1179648K
  class space    used 14692K, committed 15040K, reserved 1048576K
}
Event: 11.042 GC heap before
{Heap before GC invocations=35 (full 0):
 garbage-first heap   total 234496K, used 220536K [0x0000000080000000, 0x0000000100000000)
  region size 1024K, 77 young (78848K), 2 survivors (2048K)
 Metaspace       used 110363K, committed 111168K, reserved 1179648K
  class space    used 15347K, committed 15744K, reserved 1048576K
}
Event: 11.046 GC heap after
{Heap after GC invocations=36 (full 0):
 garbage-first heap   total 234496K, used 138713K [0x0000000080000000, 0x0000000100000000)
  region size 1024K, 11 young (11264K), 11 survivors (11264K)
 Metaspace       used 110363K, committed 111168K, reserved 1179648K
  class space    used 15347K, committed 15744K, reserved 1048576K
}
Event: 11.470 GC heap before
{Heap before GC invocations=36 (full 0):
 garbage-first heap   total 234496K, used 201177K [0x0000000080000000, 0x0000000100000000)
  region size 1024K, 62 young (63488K), 11 survivors (11264K)
 Metaspace       used 110745K, committed 111616K, reserved 1179648K
  class space    used 15415K, committed 15808K, reserved 1048576K
}
Event: 11.489 GC heap after
{Heap after GC invocations=37 (full 0):
 garbage-first heap   total 234496K, used 161184K [0x0000000080000000, 0x0000000100000000)
  region size 1024K, 8 young (8192K), 8 survivors (8192K)
 Metaspace       used 110745K, committed 111616K, reserved 1179648K
  class space    used 15415K, committed 15808K, reserved 1048576K
}
Event: 11.770 GC heap before
{Heap before GC invocations=37 (full 0):
 garbage-first heap   total 234496K, used 190880K [0x0000000080000000, 0x0000000100000000)
  region size 1024K, 38 young (38912K), 8 survivors (8192K)
 Metaspace       used 113302K, committed 114112K, reserved 1179648K
  class space    used 15964K, committed 16320K, reserved 1048576K
}
Event: 11.782 GC heap after
{Heap after GC invocations=38 (full 0):
 garbage-first heap   total 234496K, used 169984K [0x0000000080000000, 0x0000000100000000)
  region size 1024K, 5 young (5120K), 5 survivors (5120K)
 Metaspace       used 113302K, committed 114112K, reserved 1179648K
  class space    used 15964K, committed 16320K, reserved 1048576K
}
Event: 11.964 GC heap before
{Heap before GC invocations=39 (full 0):
 garbage-first heap   total 291840K, used 193536K [0x0000000080000000, 0x0000000100000000)
  region size 1024K, 28 young (28672K), 5 survivors (5120K)
 Metaspace       used 113380K, committed 114176K, reserved 1179648K
  class space    used 15970K, committed 16320K, reserved 1048576K
}
Event: 11.977 GC heap after
{Heap after GC invocations=40 (full 0):
 garbage-first heap   total 291840K, used 182034K [0x0000000080000000, 0x0000000100000000)
  region size 1024K, 4 young (4096K), 4 survivors (4096K)
 Metaspace       used 113380K, committed 114176K, reserved 1179648K
  class space    used 15970K, committed 16320K, reserved 1048576K
}
Event: 12.005 GC heap before
{Heap before GC invocations=40 (full 0):
 garbage-first heap   total 291840K, used 192274K [0x0000000080000000, 0x0000000100000000)
  region size 1024K, 14 young (14336K), 4 survivors (4096K)
 Metaspace       used 113391K, committed 114176K, reserved 1179648K
  class space    used 15970K, committed 16320K, reserved 1048576K
}
Event: 12.015 GC heap after
{Heap after GC invocations=41 (full 0):
 garbage-first heap   total 291840K, used 186276K [0x0000000080000000, 0x0000000100000000)
  region size 1024K, 2 young (2048K), 2 survivors (2048K)
 Metaspace       used 113391K, committed 114176K, reserved 1179648K
  class space    used 15970K, committed 16320K, reserved 1048576K
}
Event: 12.119 GC heap before
{Heap before GC invocations=41 (full 0):
 garbage-first heap   total 291840K, used 225188K [0x0000000080000000, 0x0000000100000000)
  region size 1024K, 41 young (41984K), 2 survivors (2048K)
 Metaspace       used 113441K, committed 114240K, reserved 1179648K
  class space    used 15971K, committed 16320K, reserved 1048576K
}

