# JRE version: OpenJDK Runtime Environment (17.0.11) (build 17.0.11+0--11852314)
# Java VM: OpenJDK 64-Bit Server VM (17.0.11+0--11852314, mixed mode, tiered, compressed oops, compressed class ptrs, g1 gc, windows-amd64)
GC Precious Log:
 CPUs: 12 total, 12 available
 Memory: 15790M
 Large Page Support: Disabled
 NUMA Support: Disabled
 Compressed Oops: Enabled (32-bit)
 Heap Region Size: 1M
 Heap Min Capacity: 8M
 Heap Initial Capacity: 248M
 Heap Max Capacity: 2G
 Pre-touch: Disabled
 Parallel Workers: 10
 Concurrent Workers: 3
 Concurrent Refinement Workers: 10
 Periodic GC: Disabled
Heap:
 garbage-first heap   total 360448K, used 184057K [0x0000000080000000, 0x0000000100000000)
  region size 1024K, 61 young (62464K), 2 survivors (2048K)
 Metaspace       used 108467K, committed 109248K, reserved 1179648K
  class space    used 15045K, committed 15424K, reserved 1048576K
GC Heap History (20 events):
Event: 9.134 GC heap before
{Heap before GC invocations=32 (full 0):
 garbage-first heap   total 166912K, used 138052K [0x0000000080000000, 0x0000000100000000)
  region size 1024K, 49 young (50176K), 1 survivors (1024K)
 Metaspace       used 91932K, committed 92544K, reserved 1179648K
  class space    used 12800K, committed 13120K, reserved 1048576K
}
Event: 9.137 GC heap after
{Heap after GC invocations=33 (full 0):
 garbage-first heap   total 166912K, used 91241K [0x0000000080000000, 0x0000000100000000)
  region size 1024K, 3 young (3072K), 3 survivors (3072K)
 Metaspace       used 91932K, committed 92544K, reserved 1179648K
  class space    used 12800K, committed 13120K, reserved 1048576K
}
Event: 9.585 GC heap before
{Heap before GC invocations=33 (full 0):
 garbage-first heap   total 166912K, used 138345K [0x0000000080000000, 0x0000000100000000)
  region size 1024K, 49 young (50176K), 3 survivors (3072K)
 Metaspace       used 96517K, committed 97216K, reserved 1179648K
  class space    used 13449K, committed 13760K, reserved 1048576K
}
Event: 9.589 GC heap after
{Heap after GC invocations=34 (full 0):
 garbage-first heap   total 166912K, used 93331K [0x0000000080000000, 0x0000000100000000)
  region size 1024K, 5 young (5120K), 5 survivors (5120K)
 Metaspace       used 96517K, committed 97216K, reserved 1179648K
  class space    used 13449K, committed 13760K, reserved 1048576K
}
Event: 10.135 GC heap before
{Heap before GC invocations=34 (full 0):
 garbage-first heap   total 166912K, used 139411K [0x0000000080000000, 0x0000000100000000)
  region size 1024K, 50 young (51200K), 5 survivors (5120K)
 Metaspace       used 99448K, committed 100160K, reserved 1179648K
  class space    used 13921K, committed 14272K, reserved 1048576K
}
Event: 10.140 GC heap after
{Heap after GC invocations=35 (full 0):
 garbage-first heap   total 166912K, used 96445K [0x0000000080000000, 0x0000000100000000)
  region size 1024K, 6 young (6144K), 6 survivors (6144K)
 Metaspace       used 99448K, committed 100160K, reserved 1179648K
  class space    used 13921K, committed 14272K, reserved 1048576K
}
Event: 10.444 GC heap before
{Heap before GC invocations=36 (full 0):
 garbage-first heap   total 173056K, used 138429K [0x0000000080000000, 0x0000000100000000)
  region size 1024K, 47 young (48128K), 6 survivors (6144K)
 Metaspace       used 100382K, committed 101120K, reserved 1179648K
  class space    used 14052K, committed 14400K, reserved 1048576K
}
Event: 10.450 GC heap after
{Heap after GC invocations=37 (full 0):
 garbage-first heap   total 173056K, used 100813K [0x0000000080000000, 0x0000000100000000)
  region size 1024K, 5 young (5120K), 5 survivors (5120K)
 Metaspace       used 100382K, committed 101120K, reserved 1179648K
  class space    used 14052K, committed 14400K, reserved 1048576K
}
Event: 10.457 GC heap before
{Heap before GC invocations=37 (full 0):
 garbage-first heap   total 173056K, used 103885K [0x0000000080000000, 0x0000000100000000)
  region size 1024K, 8 young (8192K), 5 survivors (5120K)
 Metaspace       used 100382K, committed 101120K, reserved 1179648K
  class space    used 14052K, committed 14400K, reserved 1048576K
}
Event: 10.459 GC heap after
{Heap after GC invocations=38 (full 0):
 garbage-first heap   total 173056K, used 100352K [0x0000000080000000, 0x0000000100000000)
  region size 1024K, 1 young (1024K), 1 survivors (1024K)
 Metaspace       used 100382K, committed 101120K, reserved 1179648K
  class space    used 14052K, committed 14400K, reserved 1048576K
}
Event: 10.704 GC heap before
{Heap before GC invocations=38 (full 0):
 garbage-first heap   total 173056K, used 143360K [0x0000000080000000, 0x0000000100000000)
  region size 1024K, 44 young (45056K), 1 survivors (1024K)
 Metaspace       used 101069K, committed 101824K, reserved 1179648K
  class space    used 14160K, committed 14528K, reserved 1048576K
}
Event: 10.706 GC heap after
{Heap after GC invocations=39 (full 0):
 garbage-first heap   total 173056K, used 103601K [0x0000000080000000, 0x0000000100000000)
  region size 1024K, 5 young (5120K), 5 survivors (5120K)
 Metaspace       used 101069K, committed 101824K, reserved 1179648K
  class space    used 14160K, committed 14528K, reserved 1048576K
}
Event: 10.816 GC heap before
{Heap before GC invocations=39 (full 0):
 garbage-first heap   total 173056K, used 142513K [0x0000000080000000, 0x0000000100000000)
  region size 1024K, 44 young (45056K), 5 survivors (5120K)
 Metaspace       used 101260K, committed 102016K, reserved 1179648K
  class space    used 14171K, committed 14528K, reserved 1048576K
}
Event: 10.819 GC heap after
{Heap after GC invocations=40 (full 0):
 garbage-first heap   total 173056K, used 105347K [0x0000000080000000, 0x0000000100000000)
  region size 1024K, 4 young (4096K), 4 survivors (4096K)
 Metaspace       used 101260K, committed 102016K, reserved 1179648K
  class space    used 14171K, committed 14528K, reserved 1048576K
}
Event: 11.123 GC heap before
{Heap before GC invocations=40 (full 0):
 garbage-first heap   total 173056K, used 142211K [0x0000000080000000, 0x0000000100000000)
  region size 1024K, 41 young (41984K), 4 survivors (4096K)
 Metaspace       used 102943K, committed 103680K, reserved 1179648K
  class space    used 14407K, committed 14784K, reserved 1048576K
}
Event: 11.127 GC heap after
{Heap after GC invocations=41 (full 0):
 garbage-first heap   total 173056K, used 107630K [0x0000000080000000, 0x0000000100000000)
  region size 1024K, 5 young (5120K), 5 survivors (5120K)
 Metaspace       used 102943K, committed 103680K, reserved 1179648K
  class space    used 14407K, committed 14784K, reserved 1048576K
}
Event: 11.376 GC heap before
{Heap before GC invocations=42 (full 0):
 garbage-first heap   total 188416K, used 142446K [0x0000000080000000, 0x0000000100000000)
  region size 1024K, 40 young (40960K), 5 survivors (5120K)
 Metaspace       used 104658K, committed 105408K, reserved 1179648K
  class space    used 14614K, committed 14976K, reserved 1048576K
}
Event: 11.380 GC heap after
{Heap after GC invocations=43 (full 0):
 garbage-first heap   total 188416K, used 110476K [0x0000000080000000, 0x0000000100000000)
  region size 1024K, 5 young (5120K), 5 survivors (5120K)
 Metaspace       used 104658K, committed 105408K, reserved 1179648K
  class space    used 14614K, committed 14976K, reserved 1048576K
}
Event: 11.388 GC heap before
{Heap before GC invocations=43 (full 0):
 garbage-first heap   total 188416K, used 114572K [0x0000000080000000, 0x0000000100000000)
  region size 1024K, 9 young (9216K), 5 survivors (5120K)
 Metaspace       used 104685K, committed 105408K, reserved 1179648K
  class space    used 14620K, committed 14976K, reserved 1048576K
}
Event: 11.392 GC heap after
{Heap after GC invocations=44 (full 0):
 garbage-first heap   total 360448K, used 109305K [0x0000000080000000, 0x0000000100000000)
  region size 1024K, 2 young (2048K), 2 survivors (2048K)
 Metaspace       used 104685K, committed 105408K, reserved 1179648K
  class space    used 14620K, committed 14976K, reserved 1048576K
}

